#
# There is insufficient memory for the Java Runtime Environment to continue.
# Native memory allocation (malloc) failed to allocate 1147120 bytes for Chunk::new
# Possible reasons:
#   The system is out of physical RAM or swap space
#   In 32 bit mode, the process size limit was hit
# Possible solutions:
#   Reduce memory load on the system
#   Increase physical memory or swap space
#   Check if swap backing store is full
#   Use 64 bit Java on a 64 bit OS
#   Decrease Java heap size (-Xmx/-Xms)
#   Decrease number of Java threads
#   Decrease Java thread stack sizes (-Xss)
#   Set larger code cache with -XX:ReservedCodeCacheSize=
# This output file may be truncated or incomplete.
#
#  Out of Memory Error (allocation.cpp:390), pid=4964, tid=2452
#
# JRE version: Java(TM) SE Runtime Environment (8.0_40-b25) (build 1.8.0_40-b25)
# Java VM: Java HotSpot(TM) 64-Bit Server VM (25.40-b25 mixed mode windows-amd64 compressed oops)
# Failed to write core dump. Minidumps are not enabled by default on client versions of Windows
#

---------------  T H R E A D  ---------------

Current thread (0x0000000013d20000):  JavaThread "C2 CompilerThread0" daemon [_thread_in_native, id=2452, stack(0x0000000014c60000,0x0000000014d60000)]

Stack: [0x0000000014c60000,0x0000000014d60000]
[error occurred during error reporting (printing stack bounds), id 0xc0000005]

Native frames: (J=compiled Java code, j=interpreted, Vv=VM code, C=native code)
V  [jvm.dll+0x32b47a]
V  [jvm.dll+0x2797f3]
V  [jvm.dll+0x27a489]
V  [jvm.dll+0x293406]
V  [jvm.dll+0x297d5c]
V  [jvm.dll+0x5ca83f]
C  [msvcr100.dll+0x712e3]
V  [jvm.dll+0x5c9f3d]
C  [ntdll.dll+0x9666d]
C  [ntdll.dll+0x13c00]
C  [ntdll.dll+0x9577a]
V  [jvm.dll+0x21bc71]


Current CompileTask:
C2:  63172 3573   !   4       org.springframework.util.ClassUtils::getMostSpecificMethod (76 bytes)


---------------  P R O C E S S  ---------------

Java Threads: ( => current thread )
  0x0000000017334000 JavaThread "container-0" [_thread_blocked, id=5196, stack(0x0000000019610000,0x0000000019710000)]
  0x00000000156a8800 JavaThread "ContainerBackgroundProcessor[StandardEngine[Tomcat]]" daemon [_thread_blocked, id=6456, stack(0x0000000019510000,0x0000000019610000)]
  0x0000000013d7e800 JavaThread "Service Thread" daemon [_thread_blocked, id=1544, stack(0x0000000014e60000,0x0000000014f60000)]
  0x0000000013d79800 JavaThread "C1 CompilerThread1" daemon [_thread_blocked, id=3700, stack(0x0000000014d60000,0x0000000014e60000)]
=>0x0000000013d20000 JavaThread "C2 CompilerThread0" daemon [_thread_in_native, id=2452, stack(0x0000000014c60000,0x0000000014d60000)]
  0x0000000013d1e800 JavaThread "Attach Listener" daemon [_thread_blocked, id=7156, stack(0x0000000014b60000,0x0000000014c60000)]
  0x0000000013d1c000 JavaThread "Signal Dispatcher" daemon [_thread_blocked, id=452, stack(0x0000000014a60000,0x0000000014b60000)]
  0x0000000002c76800 JavaThread "Finalizer" daemon [_thread_blocked, id=5540, stack(0x0000000014960000,0x0000000014a60000)]
  0x0000000002c6f000 JavaThread "Reference Handler" daemon [_thread_blocked, id=3284, stack(0x0000000014860000,0x0000000014960000)]
  0x0000000002b84000 JavaThread "main" [_thread_in_native, id=2876, stack(0x0000000002a80000,0x0000000002b80000)]

Other Threads:
  0x0000000013ce6000 VMThread [stack: 0x0000000014760000,0x0000000014860000] [id=1648]
  0x0000000013d80000 WatcherThread [stack: 0x0000000014f60000,0x0000000015060000] [id=6032]

VM state:not at safepoint (normal execution)

VM Mutex/Monitor currently owned by a thread: None

Heap:
 PSYoungGen      total 108544K, used 77827K [0x00000000f5b00000, 0x00000000fd380000, 0x0000000100000000)
  eden space 99840K, 69% used [0x00000000f5b00000,0x00000000f9e87f08,0x00000000fbc80000)
  from space 8704K, 99% used [0x00000000fbc80000,0x00000000fc4f8d70,0x00000000fc500000)
  to   space 10240K, 0% used [0x00000000fc980000,0x00000000fc980000,0x00000000fd380000)
 ParOldGen       total 30208K, used 14868K [0x00000000e1000000, 0x00000000e2d80000, 0x00000000f5b00000)
  object space 30208K, 49% used [0x00000000e1000000,0x00000000e1e85108,0x00000000e2d80000)
 Metaspace       used 30435K, capacity 30736K, committed 31104K, reserved 1077248K
  class space    used 3765K, capacity 3863K, committed 3968K, reserved 1048576K

Card table byte_map: [0x0000000012040000,0x0000000012140000] byte_map_base: 0x0000000011938000

Marking Bits: (ParMarkBitMap*) 0x0000000075584040
 Begin Bits: [0x0000000012340000, 0x0000000012b00000)
 End Bits:   [0x0000000012b00000, 0x00000000132c0000)

Polling page: 0x00000000010b0000

CodeCache: size=245760Kb used=12156Kb max_used=12156Kb free=233603Kb
 bounds [0x0000000002c80000, 0x0000000003870000, 0x0000000011c80000]
 total_blobs=3566 nmethods=3161 adapters=318
 compilation: enabled

Compilation events (10 events):
Event: 58.279 Thread 0x0000000013d79800 3582       3       sun.util.PreHashedMap$1$1::findNext (195 bytes)
Event: 58.280 Thread 0x0000000013d79800 nmethod 3582 0x0000000003838710 code [0x00000000038388e0, 0x00000000038391f0]
Event: 58.285 Thread 0x0000000013d79800 3583       3       java.net.URLClassLoader$3::next (73 bytes)
Event: 58.286 Thread 0x0000000013d79800 nmethod 3583 0x0000000003837c10 code [0x0000000003837de0, 0x0000000003838458]
Event: 58.287 Thread 0x0000000013d79800 3584       3       java.nio.charset.CoderResult::isUnderflow (13 bytes)
Event: 58.288 Thread 0x0000000013d79800 nmethod 3584 0x0000000003837890 code [0x00000000038379e0, 0x0000000003837b90]
Event: 58.288 Thread 0x0000000013d79800 3586   !   3       java.io.BufferedReader::readLine (304 bytes)
Event: 58.290 Thread 0x0000000013d79800 nmethod 3586 0x000000000383ee90 code [0x000000000383f120, 0x0000000003840868]
Event: 58.297 Thread 0x0000000013d79800 3587       3       org.springframework.util.MimeType::checkToken (74 bytes)
Event: 58.299 Thread 0x0000000013d79800 nmethod 3587 0x0000000003841610 code [0x00000000038418a0, 0x00000000038429e8]

GC Heap History (10 events):
Event: 15.706 GC heap before
{Heap before GC invocations=8 (full 0):
 PSYoungGen      total 38400K, used 38380K [0x00000000f5b00000, 0x00000000fa800000, 0x0000000100000000)
  eden space 32768K, 100% used [0x00000000f5b00000,0x00000000f7b00000,0x00000000f7b00000)
  from space 5632K, 99% used [0x00000000f7b00000,0x00000000f807b2c8,0x00000000f8080000)
  to   space 6656K, 0% used [0x00000000fa180000,0x00000000fa180000,0x00000000fa800000)
 ParOldGen       total 22016K, used 10501K [0x00000000e1000000, 0x00000000e2580000, 0x00000000f5b00000)
  object space 22016K, 47% used [0x00000000e1000000,0x00000000e1a41698,0x00000000e2580000)
 Metaspace       used 17839K, capacity 17988K, committed 18176K, reserved 1064960K
  class space    used 2199K, capacity 2256K, committed 2304K, reserved 1048576K
Event: 15.728 GC heap after
Heap after GC invocations=8 (full 0):
 PSYoungGen      total 70656K, used 6641K [0x00000000f5b00000, 0x00000000fab00000, 0x0000000100000000)
  eden space 64000K, 0% used [0x00000000f5b00000,0x00000000f5b00000,0x00000000f9980000)
  from space 6656K, 99% used [0x00000000fa180000,0x00000000fa7fc718,0x00000000fa800000)
  to   space 8192K, 0% used [0x00000000f9980000,0x00000000f9980000,0x00000000fa180000)
 ParOldGen       total 22016K, used 10895K [0x00000000e1000000, 0x00000000e2580000, 0x00000000f5b00000)
  object space 22016K, 49% used [0x00000000e1000000,0x00000000e1aa3f20,0x00000000e2580000)
 Metaspace       used 17839K, capacity 17988K, committed 18176K, reserved 1064960K
  class space    used 2199K, capacity 2256K, committed 2304K, reserved 1048576K
}
Event: 17.892 GC heap before
{Heap before GC invocations=9 (full 0):
 PSYoungGen      total 70656K, used 38086K [0x00000000f5b00000, 0x00000000fab00000, 0x0000000100000000)
  eden space 64000K, 49% used [0x00000000f5b00000,0x00000000f79b5238,0x00000000f9980000)
  from space 6656K, 99% used [0x00000000fa180000,0x00000000fa7fc718,0x00000000fa800000)
  to   space 8192K, 0% used [0x00000000f9980000,0x00000000f9980000,0x00000000fa180000)
 ParOldGen       total 22016K, used 10895K [0x00000000e1000000, 0x00000000e2580000, 0x00000000f5b00000)
  object space 22016K, 49% used [0x00000000e1000000,0x00000000e1aa3f20,0x00000000e2580000)
 Metaspace       used 21000K, capacity 21208K, committed 21296K, reserved 1069056K
  class space    used 2601K, capacity 2661K, committed 2688K, reserved 1048576K
Event: 17.921 GC heap after
Heap after GC invocations=9 (full 0):
 PSYoungGen      total 72192K, used 6180K [0x00000000f5b00000, 0x00000000fd000000, 0x0000000100000000)
  eden space 64000K, 0% used [0x00000000f5b00000,0x00000000f5b00000,0x00000000f9980000)
  from space 8192K, 75% used [0x00000000f9980000,0x00000000f9f893d0,0x00000000fa180000)
  to   space 8704K, 0% used [0x00000000fc780000,0x00000000fc780000,0x00000000fd000000)
 ParOldGen       total 22016K, used 13845K [0x00000000e1000000, 0x00000000e2580000, 0x00000000f5b00000)
  object space 22016K, 62% used [0x00000000e1000000,0x00000000e1d85608,0x00000000e2580000)
 Metaspace       used 21000K, capacity 21208K, committed 21296K, reserved 1069056K
  class space    used 2601K, capacity 2661K, committed 2688K, reserved 1048576K
}
Event: 17.921 GC heap before
{Heap before GC invocations=10 (full 1):
 PSYoungGen      total 72192K, used 6180K [0x00000000f5b00000, 0x00000000fd000000, 0x0000000100000000)
  eden space 64000K, 0% used [0x00000000f5b00000,0x00000000f5b00000,0x00000000f9980000)
  from space 8192K, 75% used [0x00000000f9980000,0x00000000f9f893d0,0x00000000fa180000)
  to   space 8704K, 0% used [0x00000000fc780000,0x00000000fc780000,0x00000000fd000000)
 ParOldGen       total 22016K, used 13845K [0x00000000e1000000, 0x00000000e2580000, 0x00000000f5b00000)
  object space 22016K, 62% used [0x00000000e1000000,0x00000000e1d85608,0x00000000e2580000)
 Metaspace       used 21000K, capacity 21208K, committed 21296K, reserved 1069056K
  class space    used 2601K, capacity 2661K, committed 2688K, reserved 1048576K
Event: 18.247 GC heap after
Heap after GC invocations=10 (full 1):
 PSYoungGen      total 72192K, used 0K [0x00000000f5b00000, 0x00000000fd000000, 0x0000000100000000)
  eden space 64000K, 0% used [0x00000000f5b00000,0x00000000f5b00000,0x00000000f9980000)
  from space 8192K, 0% used [0x00000000f9980000,0x00000000f9980000,0x00000000fa180000)
  to   space 8704K, 0% used [0x00000000fc780000,0x00000000fc780000,0x00000000fd000000)
 ParOldGen       total 30208K, used 13955K [0x00000000e1000000, 0x00000000e2d80000, 0x00000000f5b00000)
  object space 30208K, 46% used [0x00000000e1000000,0x00000000e1da0d30,0x00000000e2d80000)
 Metaspace       used 21000K, capacity 21208K, committed 21296K, reserved 1069056K
  class space    used 2601K, capacity 2661K, committed 2688K, reserved 1048576K
}
Event: 31.207 GC heap before
{Heap before GC invocations=11 (full 1):
 PSYoungGen      total 72192K, used 64000K [0x00000000f5b00000, 0x00000000fd000000, 0x0000000100000000)
  eden space 64000K, 100% used [0x00000000f5b00000,0x00000000f9980000,0x00000000f9980000)
  from space 8192K, 0% used [0x00000000f9980000,0x00000000f9980000,0x00000000fa180000)
  to   space 8704K, 0% used [0x00000000fc780000,0x00000000fc780000,0x00000000fd000000)
 ParOldGen       total 30208K, used 13955K [0x00000000e1000000, 0x00000000e2d80000, 0x00000000f5b00000)
  object space 30208K, 46% used [0x00000000e1000000,0x00000000e1da0d30,0x00000000e2d80000)
 Metaspace       used 25685K, capacity 25980K, committed 26112K, reserved 1073152K
  class space    used 3187K, capacity 3273K, committed 3328K, reserved 1048576K
Event: 31.245 GC heap after
Heap after GC invocations=11 (full 1):
 PSYoungGen      total 88576K, used 5676K [0x00000000f5b00000, 0x00000000fcd80000, 0x0000000100000000)
  eden space 82432K, 0% used [0x00000000f5b00000,0x00000000f5b00000,0x00000000fab80000)
  from space 6144K, 92% used [0x00000000fc780000,0x00000000fcd0b0d8,0x00000000fcd80000)
  to   space 8704K, 0% used [0x00000000fbc80000,0x00000000fbc80000,0x00000000fc500000)
 ParOldGen       total 30208K, used 13963K [0x00000000e1000000, 0x00000000e2d80000, 0x00000000f5b00000)
  object space 30208K, 46% used [0x00000000e1000000,0x00000000e1da2d30,0x00000000e2d80000)
 Metaspace       used 25685K, capacity 25980K, committed 26112K, reserved 1073152K
  class space    used 3187K, capacity 3273K, committed 3328K, reserved 1048576K
}
Event: 50.586 GC heap before
{Heap before GC invocations=12 (full 1):
 PSYoungGen      total 88576K, used 88108K [0x00000000f5b00000, 0x00000000fcd80000, 0x0000000100000000)
  eden space 82432K, 100% used [0x00000000f5b00000,0x00000000fab80000,0x00000000fab80000)
  from space 6144K, 92% used [0x00000000fc780000,0x00000000fcd0b0d8,0x00000000fcd80000)
  to   space 8704K, 0% used [0x00000000fbc80000,0x00000000fbc80000,0x00000000fc500000)
 ParOldGen       total 30208K, used 13963K [0x00000000e1000000, 0x00000000e2d80000, 0x00000000f5b00000)
  object space 30208K, 46% used [0x00000000e1000000,0x00000000e1da2d30,0x00000000e2d80000)
 Metaspace       used 29010K, capacity 29310K, committed 29568K, reserved 1075200K
  class space    used 3578K, capacity 3668K, committed 3712K, reserved 1048576K
Event: 50.628 GC heap after
Heap after GC invocations=12 (full 1):
 PSYoungGen      total 108544K, used 8675K [0x00000000f5b00000, 0x00000000fd380000, 0x0000000100000000)
  eden space 99840K, 0% used [0x00000000f5b00000,0x00000000f5b00000,0x00000000fbc80000)
  from space 8704K, 99% used [0x00000000fbc80000,0x00000000fc4f8d70,0x00000000fc500000)
  to   space 10240K, 0% used [0x00000000fc980000,0x00000000fc980000,0x00000000fd380000)
 ParOldGen       total 30208K, used 14868K [0x00000000e1000000, 0x00000000e2d80000, 0x00000000f5b00000)
  object space 30208K, 49% used [0x00000000e1000000,0x00000000e1e85108,0x00000000e2d80000)
 Metaspace       used 29010K, capacity 29310K, committed 29568K, reserved 1075200K
  class space    used 3578K, capacity 3668K, committed 3712K, reserved 1048576K
}

Deoptimization events (10 events):
Event: 46.828 Thread 0x0000000002b84000 Uncommon trap: reason=unstable_if action=reinterpret pc=0x0000000003540764 method=org.springframework.asm.Frame.merge(Lorg/springframework/asm/ClassWriter;I[II)Z @ 80
Event: 46.848 Thread 0x0000000002b84000 Uncommon trap: reason=unstable_if action=reinterpret pc=0x000000000357e418 method=org.springframework.asm.Type.getDescriptor(Ljava/lang/StringBuilder;Ljava/lang/Class;)V @ 39
Event: 47.432 Thread 0x0000000002b84000 Uncommon trap: reason=unstable_if action=reinterpret pc=0x000000000307aaac method=org.springframework.core.ResolvableType.getInterfaces()[Lorg/springframework/core/ResolvableType; @ 27
Event: 47.675 Thread 0x0000000002b84000 Uncommon trap: reason=class_check action=maybe_recompile pc=0x000000000366204c method=java.lang.reflect.Executable.getAnnotation(Ljava/lang/Class;)Ljava/lang/annotation/Annotation; @ 19
Event: 47.675 Thread 0x0000000002b84000 Uncommon trap: reason=class_check action=maybe_recompile pc=0x000000000366204c method=java.lang.reflect.Executable.getAnnotation(Ljava/lang/Class;)Ljava/lang/annotation/Annotation; @ 19
Event: 47.675 Thread 0x0000000002b84000 Uncommon trap: reason=class_check action=maybe_recompile pc=0x000000000366204c method=java.lang.reflect.Executable.getAnnotation(Ljava/lang/Class;)Ljava/lang/annotation/Annotation; @ 19
Event: 47.676 Thread 0x0000000002b84000 Uncommon trap: reason=class_check action=maybe_recompile pc=0x000000000366204c method=java.lang.reflect.Executable.getAnnotation(Ljava/lang/Class;)Ljava/lang/annotation/Annotation; @ 19
Event: 50.629 Thread 0x0000000002c76800 Uncommon trap: reason=unstable_if action=reinterpret pc=0x0000000002f8330c method=java.util.WeakHashMap.remove(Ljava/lang/Object;)Ljava/lang/Object; @ 67
Event: 54.015 Thread 0x0000000002b84000 Uncommon trap: reason=unstable_if action=reinterpret pc=0x000000000367e1a8 method=java.util.HashMap.putMapEntries(Ljava/util/Map;Z)V @ 53
Event: 54.053 Thread 0x0000000002b84000 Uncommon trap: reason=unstable_if action=reinterpret pc=0x00000000033cc270 method=java.util.concurrent.ConcurrentHashMap.transfer([Ljava/util/concurrent/ConcurrentHashMap$Node;[Ljava/util/concurrent/ConcurrentHashMap$Node;)V @ 356

Internal exceptions (10 events):
Event: 58.220 Thread 0x0000000002b84000 Exception <a 'java/lang/ClassNotFoundException': org/springframework/http/converter/GenericHttpMessageConverterCustomizer> (0x00000000f84b9e80) thrown at [D:\re\workspace\8-2-build-windows-amd64-cygwin\jdk8u40\2855\hotspot\src\share\vm\classfile\systemDict˜‡ÑNM@
Event: 58.221 Thread 0x0000000002b84000 Exception <a 'java/lang/ClassNotFoundException': org/springframework/http/converter/HttpMessageConverterCustomizer> (0x00000000f84d2630) thrown at [D:\re\workspace\8-2-build-windows-amd64-cygwin\jdk8u40\2855\hotspot\src\share\vm\classfile\systemDictionary.ı zçM@
Event: 58.223 Thread 0x0000000002b84000 Exception <a 'java/lang/ClassNotFoundException': java/lang/ObjectCustomizer> (0x00000000f84e68d8) thrown at [D:\re\workspace\8-2-build-windows-amd64-cygwin\jdk8u40\2855\hotspot\src\share\vm\classfile\systemDictionary.cpp, line 210]
Event: 58.224 Thread 0x0000000002b84000 Exception <a 'java/lang/ClassNotFoundException': org/springframework/boot/autoconfigure/web/JacksonHttpMessageConvertersConfigurationCustomizer> (0x00000000f8506c88) thrown at [D:\re\workspace\8-2-build-windows-amd64-cygwin\jdk8u40\2855\hotspot\src\share\vÑqøM@
Event: 58.225 Thread 0x0000000002b84000 Exception <a 'java/lang/ClassNotFoundException': org/springframework/boot/autoconfigure/web/JacksonHttpMessageConvertersConfiguration$$EnhancerBySpringCGLIB$$3bc94963Customizer> (0x00000000f852ca60) thrown at [D:\re\workspace\8-2-build-windows-amd64-cygwin√JèLﬂM@
Event: 58.226 Thread 0x0000000002b84000 Exception <a 'java/lang/ClassNotFoundException': org/springframework/context/annotation/ConfigurationClassEnhancer$EnhancedConfigurationCustomizer> (0x00000000f854fea8) thrown at [D:\re\workspace\8-2-build-windows-amd64-cygwin\jdk8u40\2855\hotspot\src\shar
Event: 58.271 Thread 0x0000000002b84000 Exception <a 'java/lang/ClassNotFoundException': java/lang/ObjectCustomizer> (0x00000000f8593f10) thrown at [D:\re\workspace\8-2-build-windows-amd64-cygwin\jdk8u40\2855\hotspot\src\share\vm\classfile\systemDictionary.cpp, line 210]
Event: 58.271 Thread 0x0000000002b84000 Exception <a 'java/lang/ClassNotFoundException': org/springframework/boot/autoconfigure/web/HttpMessageConvertersAutoConfigurationCustomizer> (0x00000000f85b3d30) thrown at [D:\re\workspace\8-2-build-windows-amd64-cygwin\jdk8u40\2855\hotspot\src\share\vm\cn;’"M@
Event: 58.272 Thread 0x0000000002b84000 Exception <a 'java/lang/ClassNotFoundException': org/springframework/boot/autoconfigure/web/HttpMessageConvertersAutoConfiguration$$EnhancerBySpringCGLIB$$5e577c4dCustomizer> (0x00000000f85d9948) thrown at [D:\re\workspace\8-2-build-windows-amd64-cygwin\jd0lo"M@
Event: 58.273 Thread 0x0000000002b84000 Exception <a 'java/lang/ClassNotFoundException': org/springframework/context/annotation/ConfigurationClassEnhancer$EnhancedConfigurationCustomizer> (0x00000000f85fe0a8) thrown at [D:\re\workspace\8-2-build-windows-amd64-cygwin\jdk8u40\2855\hotspot\src\sharj´s‘7M@

Events (10 events):
Event: 58.298 loading class org/joda/time/LocalDate
Event: 58.299 loading class org/joda/time/LocalDate done
Event: 58.299 loading class org/joda/time$LocalDate
Event: 58.299 loading class org/joda/time$LocalDate done
Event: 58.299 loading class kotlin/Unit
Event: 58.299 loading class kotlin/Unit done
Event: 58.299 loading class kotlin$Unit
Event: 58.299 loading class kotlin$Unit done
Event: 58.299 loading class org/springframework/http/converter/xml/AbstractXmlHttpMessageConverter
Event: 58.299 loading class org/springframework/http/converter/xml/AbstractXmlHttpMessageConverter done


Dynamic libraries:
0x00007ff61c390000 - 0x00007ff61c3c7000 	C:\Program Files\Java\jre1.8.0_40\bin\javaw.exe
0x00007fffaf500000 - 0x00007fffaf6c2000 	C:\WINDOWS\SYSTEM32\ntdll.dll
0x00007fffae2f0000 - 0x00007fffae39d000 	C:\WINDOWS\system32\KERNEL32.DLL
0x00007fffac8b0000 - 0x00007fffaca8d000 	C:\WINDOWS\system32\KERNELBASE.dll
0x00007fffae3a0000 - 0x00007fffae446000 	C:\WINDOWS\system32\ADVAPI32.dll
0x00007fffae460000 - 0x00007fffae4fd000 	C:\WINDOWS\system32\msvcrt.dll
0x00007fffaf1a0000 - 0x00007fffaf1fb000 	C:\WINDOWS\system32\sechost.dll
0x00007fffae620000 - 0x00007fffae746000 	C:\WINDOWS\system32\RPCRT4.dll
0x00007fffae8b0000 - 0x00007fffae9fe000 	C:\WINDOWS\system32\USER32.dll
0x00007fffaef00000 - 0x00007fffaf085000 	C:\WINDOWS\system32\GDI32.dll
0x00007fff9b300000 - 0x00007fff9b574000 	C:\WINDOWS\WinSxS\amd64_microsoft.windows.common-controls_6595b64144ccf1df_6.0.10240.16384_none_f41f7b285750ef43\COMCTL32.dll
0x00007fffaea00000 - 0x00007fffaea36000 	C:\WINDOWS\system32\IMM32.DLL
0x00007fffae750000 - 0x00007fffae8ac000 	C:\WINDOWS\system32\MSCTF.dll
0x00000000758f0000 - 0x00000000759c2000 	C:\Program Files\Java\jre1.8.0_40\bin\msvcr100.dll
0x0000000074d80000 - 0x0000000075603000 	C:\Program Files\Java\jre1.8.0_40\bin\server\jvm.dll
0x00007fffae450000 - 0x00007fffae458000 	C:\WINDOWS\system32\PSAPI.DLL
0x00007fffa2df0000 - 0x00007fffa2df9000 	C:\WINDOWS\SYSTEM32\WSOCK32.dll
0x00007fffaf200000 - 0x00007fffaf269000 	C:\WINDOWS\system32\WS2_32.dll
0x00007fffaf270000 - 0x00007fffaf278000 	C:\WINDOWS\system32\NSI.dll
0x00007fffaa590000 - 0x00007fffaa5b3000 	C:\WINDOWS\SYSTEM32\WINMM.dll
0x00007fffa4030000 - 0x00007fffa403a000 	C:\WINDOWS\SYSTEM32\VERSION.dll
0x00007fffaa560000 - 0x00007fffaa58c000 	C:\WINDOWS\SYSTEM32\WINMMBASE.dll
0x00007fffac690000 - 0x00007fffac6d4000 	C:\WINDOWS\system32\cfgmgr32.dll
0x00007fffaa7e0000 - 0x00007fffaa807000 	C:\WINDOWS\SYSTEM32\DEVOBJ.dll
0x0000000074d70000 - 0x0000000074d7f000 	C:\Program Files\Java\jre1.8.0_40\bin\verify.dll
0x0000000074d40000 - 0x0000000074d69000 	C:\Program Files\Java\jre1.8.0_40\bin\java.dll
0x0000000074d20000 - 0x0000000074d36000 	C:\Program Files\Java\jre1.8.0_40\bin\zip.dll
0x00007fffacc10000 - 0x00007fffae133000 	C:\WINDOWS\system32\SHELL32.dll
0x00007fffac060000 - 0x00007fffac689000 	C:\WINDOWS\system32\windows.storage.dll
0x00007fffaf280000 - 0x00007fffaf4fc000 	C:\WINDOWS\system32\combase.dll
0x00007fffae5c0000 - 0x00007fffae611000 	C:\WINDOWS\system32\shlwapi.dll
0x00007fffabfa0000 - 0x00007fffabfaf000 	C:\WINDOWS\system32\kernel.appcore.dll
0x00007fffacaf0000 - 0x00007fffacba3000 	C:\WINDOWS\system32\shcore.dll
0x00007fffabf10000 - 0x00007fffabf5a000 	C:\WINDOWS\system32\powrprof.dll
0x00007fffabf80000 - 0x00007fffabf93000 	C:\WINDOWS\system32\profapi.dll
0x00000000758e0000 - 0x00000000758ed000 	C:\Program Files\Java\jre1.8.0_40\bin\management.dll
0x0000000074d00000 - 0x0000000074d1a000 	C:\Program Files\Java\jre1.8.0_40\bin\net.dll
0x00007fffab780000 - 0x00007fffab7dd000 	C:\WINDOWS\system32\mswsock.dll
0x00007fffaa3f0000 - 0x00007fffaa408000 	C:\WINDOWS\system32\NLAapi.dll
0x00007fffab520000 - 0x00007fffab5c8000 	C:\WINDOWS\SYSTEM32\DNSAPI.dll
0x00007fff9b190000 - 0x00007fff9b19d000 	C:\WINDOWS\System32\winrnr.dll
0x00007fff90610000 - 0x00007fff90625000 	C:\WINDOWS\system32\napinsp.dll
0x00007fff906f0000 - 0x00007fff9070a000 	C:\WINDOWS\system32\pnrpnsp.dll
0x0000000075db0000 - 0x0000000075dd6000 	C:\Program Files\Bonjour\mdnsNSP.dll
0x00007fffa6be0000 - 0x00007fffa6c18000 	C:\WINDOWS\SYSTEM32\Iphlpapi.DLL
0x00007fffa6cc0000 - 0x00007fffa6ccb000 	C:\WINDOWS\SYSTEM32\WINNSI.DLL
0x00007fff90870000 - 0x00007fff90885000 	C:\WINDOWS\system32\wshbth.dll
0x00007fffa5c50000 - 0x00007fffa5c5a000 	C:\Windows\System32\rasadhlp.dll
0x00007fffa6110000 - 0x00007fffa6178000 	C:\WINDOWS\System32\fwpuclnt.dll
0x00007fffaba50000 - 0x00007fffaba78000 	C:\WINDOWS\SYSTEM32\bcrypt.dll
0x0000000074ce0000 - 0x0000000074cf1000 	C:\Program Files\Java\jre1.8.0_40\bin\nio.dll
0x00007fffab7e0000 - 0x00007fffab7f7000 	C:\WINDOWS\SYSTEM32\CRYPTSP.dll
0x00007fffab430000 - 0x00007fffab463000 	C:\WINDOWS\system32\rsaenh.dll
0x00007fffab610000 - 0x00007fffab62f000 	C:\WINDOWS\SYSTEM32\USERENV.dll
0x00007fffabd60000 - 0x00007fffabdcb000 	C:\WINDOWS\system32\bcryptprimitives.dll
0x00007fffab950000 - 0x00007fffab95b000 	C:\WINDOWS\SYSTEM32\CRYPTBASE.dll
0x00007fffa6040000 - 0x00007fffa6056000 	C:\WINDOWS\SYSTEM32\dhcpcsvc6.DLL
0x00007fffa6340000 - 0x00007fffa635a000 	C:\WINDOWS\SYSTEM32\dhcpcsvc.DLL
0x00007fff8f060000 - 0x00007fff8f1ea000 	C:\WINDOWS\SYSTEM32\dbghelp.dll

VM Arguments:
jvm_args: -Dfile.encoding=UTF-8 
java_command: com.gb.GbApplication
java_class_path (initial): D:\MobileStore\GB\target\classes;C:\Users\piyush\.m2\repository\org\springframework\boot\spring-boot-starter-jersey\1.4.3.RELEASE\spring-boot-starter-jersey-1.4.3.RELEASE.jar;C:\Users\piyush\.m2\repository\org\springframework\boot\spring-boot-starter\1.4.3.RELEASE\spring-boot-starter-1.4.3.RELEASE.jar;C:\Users\piyush\.m2\repository\org\springframework\boot\spring-boot\1.4.3.RELEASE\spring-boot-1.4.3.RELEASE.jar;C:\Users\piyush\.m2\repository\org\springframework\boot\spring-boot-autoconfigure\1.4.3.RELEASE\spring-boot-autoconfigure-1.4.3.RELEASE.jar;C:\Users\piyush\.m2\repository\org\springframework\boot\spring-boot-starter-logging\1.4.3.RELEASE\spring-boot-starter-logging-1.4.3.RELEASE.jar;C:\Users\piyush\.m2\repository\ch\qos\logback\logback-classic\1.1.8\logback-classic-1.1.8.jar;C:\Users\piyush\.m2\repository\ch\qos\logback\logback-core\1.1.8\logback-core-1.1.8.jar;C:\Users\piyush\.m2\repository\org\slf4j\jcl-over-slf4j\1.7.22\jcl-over-slf4j-1.7.22.jar;C:\Users\piyush\.m2\repository\org\slf4j\jul-to-slf4j\1.7.22\jul-to-slf4j-1.7.22.jar;C:\Users\piyush\.m2\repository\org\slf4j\log4j-over-slf4j\1.7.22\log4j-over-slf4j-1.7.22.jar;C:\Users\piyush\.m2\repository\org\yaml\snakeyaml\1.17\snakeyaml-1.17.jar;C:\Users\piyush\.m2\repository\org\springframework\boot\spring-boot-starter-tomcat\1.4.3.RELEASE\spring-boot-starter-tomcat-1.4.3.RELEASE.jar;C:\Users\piyush\.m2\repository\org\apache\tomcat\embed\tomcat-embed-core\8.5.6\tomcat-embed-core-8.5.6.jar;C:\Users\piyush\.m2\repository\org\apache\tomcat\embed\tomcat-embed-el\8.5.6\tomcat-embed-el-8.5.6.jar;C:\Users\piyush\.m2\repository\org\apache\tomcat\embed\tomcat-embed-websocket\8.5.6\tomcat-embed-websocket-8.5.6.jar;C:\Users\piyush\.m2\repository\org\springframework\boot\spring-boot-starter-validation\1.4.3.RELEASE\spring-boot-starter-validation-1.4.3.RELEASE.jar;C:\Users\piyush\.m2\repository\org\springframework\spring-web\4.3.5.RELEASE\spring-web-4.3.5.RELEASE.jar;C:\Users\piyush\.m2\repos
Launcher Type: SUN_STANDARD

Environment Variables:
JAVA_HOME=C:\Program Files\Java\jdk1.8.0_40
PATH=C:/Program Files/Java/jre1.8.0_40/bin/server;C:/Program Files/Java/jre1.8.0_40/bin;C:/Program Files/Java/jre1.8.0_40/lib/amd64;G:\work\apache-ant-1.9.6;C:\ProgramData\Oracle\Java\javapath;C:\WINDOWS\system32;C:\WINDOWS;C:\WINDOWS\System32\Wbem;C:\WINDOWS\System32\WindowsPowerShell\v1.0\;C:\Program Files\Java\jdk1.7.0_79\bin;C:\Program Files (x86)\Java\jdk1.7.0_02\bin;C:\Program Files (x86)\nodejs\;C:\Program Files\Java\jdk1.7.0_51\bin;C:\Program Files (x86)\Skype\Phone\;C:\Users\piyush\AppData\Local\Programs\Git\cmd;C:\Users\piyush\AppData\Roaming\npm;C:\Program Files (x86)\Microsoft VS Code\bin;E:\Eclipse\eclipse;
USERNAME=piyush
OS=Windows_NT
PROCESSOR_IDENTIFIER=Intel64 Family 6 Model 15 Stepping 13, GenuineIntel



---------------  S Y S T E M  ---------------

OS: Windows 10.0 , 64 bit Build 10240 (10.0.10240.16384)

CPU:total 2 (2 cores per cpu, 1 threads per core) family 6 model 15 stepping 13, cmov, cx8, fxsr, mmx, sse, sse2, sse3, ssse3, tsc

Memory: 4k page, physical 2024304k(158584k free), swap 4713324k(0k free)

vm_info: Java HotSpot(TM) 64-Bit Server VM (25.40-b25) for windows-amd64 JRE (1.8.0_40-b25), built on Feb 10 2015 21:53:57 by "java_re" with MS VC++ 10.0 (VS2010)

time: Sun May 14 04:09:04 2017
elapsed time: 64 seconds (0d 0h 1m 4s)

