JvmtiExport can_access_local_variables 0
JvmtiExport can_hotswap_or_post_breakpoint 0
JvmtiExport can_post_on_exceptions 0
# 337 ciObject found
ciMethod java/lang/Object <init> ()V 4097 1 682062 0 0
ciMethod java/lang/Object getClass ()Ljava/lang/Class; 2049 1 256 0 -1
ciMethod java/lang/Object equals (Ljava/lang/Object;)Z 1305 1 14332 0 64
ciMethod java/lang/Object clone ()Ljava/lang/Object; 2049 1 256 0 -1
ciMethod java/lang/String <init> ([CII)V 4097 1 5632 0 576
ciMethod java/lang/String length ()I 4097 1 347142 0 -1
ciMethod java/lang/String getChars (II[CI)V 3073 1 5504 0 -1
ciMethod java/lang/String equals (Ljava/lang/Object;)Z 2049 9001 3413 0 -1
ciMethod java/lang/String lastIndexOf (I)I 2049 1 25369 0 288
ciMethod java/lang/String lastIndexOf (II)I 1001 81945 967 0 288
ciMethod java/lang/String lastIndexOfSupplementary (II)I 0 0 1 0 -1
ciMethod java/lang/String substring (II)Ljava/lang/String; 2793 1 5469 0 864
ciMethod java/lang/Class isInterface ()Z 2049 1 256 0 -1
ciMethod java/lang/Class getName ()Ljava/lang/String; 737 1 97517 0 96
ciMethod java/lang/Class getName0 ()Ljava/lang/String; 2057 1 257 0 -1
ciMethod java/lang/Class getClassLoader0 ()Ljava/lang/ClassLoader; 1097 1 137 0 -1
ciMethod java/lang/Class getSuperclass ()Ljava/lang/Class; 3073 1 384 0 -1
ciMethod java/lang/Class getInterfaces ()[Ljava/lang/Class; 1 1 5216 0 1536
ciMethod java/lang/Class getInterfaces0 ()[Ljava/lang/Class; 2057 1 257 0 -1
ciMethod java/lang/Class getComponentType ()Ljava/lang/Class; 2065 1 258 0 -1
ciMethod java/lang/Class getMethods ()[Ljava/lang/reflect/Method; 553 1 1311 0 0
ciMethod java/lang/Class getMethod (Ljava/lang/String;[Ljava/lang/Class;)Ljava/lang/reflect/Method; 1321 1 3965 20 0
ciMethod java/lang/Class getDeclaredMethods ()[Ljava/lang/reflect/Method; 825 1 1051 0 -1
ciMethod java/lang/Class checkMemberAccess (ILjava/lang/Class;Z)V 2049 1 5376 0 96
ciMethod java/lang/Class checkPackageAccess (Ljava/lang/ClassLoader;Z)V 0 0 164 0 -1
ciMethod java/lang/Class reflectionData ()Ljava/lang/Class$ReflectionData; 3073 1 5514 0 1312
ciMethod java/lang/Class newReflectionData (Ljava/lang/ref/SoftReference;I)Ljava/lang/Class$ReflectionData; 785 1 708 0 0
ciMethod java/lang/Class privateGetDeclaredMethods (Z)[Ljava/lang/reflect/Method; 2049 1 5669 0 1632
ciMethod java/lang/Class privateGetPublicMethods ()[Ljava/lang/reflect/Method; 873 1905 1889 0 0
ciMethod java/lang/Class searchMethods ([Ljava/lang/reflect/Method;Ljava/lang/String;[Ljava/lang/Class;)Ljava/lang/reflect/Method; 2049 13361 3589 0 -1
ciMethod java/lang/Class getMethod0 (Ljava/lang/String;[Ljava/lang/Class;Z)Ljava/lang/reflect/Method; 2137 1 6041 0 928
ciMethod java/lang/Class privateGetMethodRecursive (Ljava/lang/String;[Ljava/lang/Class;ZLjava/lang/Class$MethodArray;)Ljava/lang/reflect/Method; 2089 249 6041 0 24000
ciMethod java/lang/Class arrayContentsEq ([Ljava/lang/Object;[Ljava/lang/Object;)Z 969 361 5241 0 224
ciMethod java/lang/Class copyMethods ([Ljava/lang/reflect/Method;)[Ljava/lang/reflect/Method; 1345 11025 1441 0 928
ciMethod java/lang/Class getDeclaredMethods0 (Z)[Ljava/lang/reflect/Method; 2057 1 257 0 -1
ciMethod java/lang/Class argumentTypesToString ([Ljava/lang/Class;)Ljava/lang/String; 1 1 877 0 0
ciMethod java/lang/Class getReflectionFactory ()Lsun/reflect/ReflectionFactory; 2049 1 5561 0 -1
ciMethod java/lang/Class checkInitted ()V 2049 1 10221 0 0
ciMethod java/lang/Class access$300 ([Ljava/lang/Object;[Ljava/lang/Object;)Z 0 0 167 0 0
ciMethod java/lang/ClassLoader getClassLoader (Ljava/lang/Class;)Ljava/lang/ClassLoader; 353 1 1372 0 -1
ciMethod java/lang/System getSecurityManager ()Ljava/lang/SecurityManager; 3073 1 49637 0 0
ciMethod java/lang/System arraycopy (Ljava/lang/Object;ILjava/lang/Object;II)V 10241 1 1280 0 -1
ciMethod java/lang/Exception <init> (Ljava/lang/String;)V 2049 1 963 0 -1
ciMethod java/lang/SecurityManager checkPermission (Ljava/security/Permission;)V 0 0 1 0 -1
ciMethod java/lang/ReflectiveOperationException <init> (Ljava/lang/String;)V 2049 1 881 0 -1
ciMethod java/lang/ref/Reference get ()Ljava/lang/Object; 1025 1 128 0 -1
ciMethod java/lang/ref/Reference <init> (Ljava/lang/Object;)V 1905 1 21657 0 0
ciMethod java/lang/ref/Reference <init> (Ljava/lang/Object;Ljava/lang/ref/ReferenceQueue;)V 2049 1 26627 0 96
ciMethod java/lang/ref/SoftReference <init> (Ljava/lang/Object;)V 1369 1 4656 0 0
ciMethod java/lang/ref/SoftReference get ()Ljava/lang/Object; 2081 1 32438 0 96
ciMethod java/util/Map get (Ljava/lang/Object;)Ljava/lang/Object; 0 0 1 0 -1
ciMethod java/util/Map put (Ljava/lang/Object;Ljava/lang/Object;)Ljava/lang/Object; 0 0 1 0 -1
ciMethod java/lang/reflect/Member getName ()Ljava/lang/String; 0 0 1 0 -1
ciMethod java/lang/reflect/Method getDeclaringClass ()Ljava/lang/Class; 1025 1 128 0 0
ciMethod java/lang/reflect/Method getName ()Ljava/lang/String; 1129 1 141 0 0
ciMethod java/lang/reflect/Method getModifiers ()I 1025 1 128 0 0
ciMethod java/lang/reflect/Method getReturnType ()Ljava/lang/Class; 1041 1 130 0 0
ciMethod java/lang/reflect/Method getParameterTypes ()[Ljava/lang/Class; 1569 1 74061 0 256
ciMethod java/lang/reflect/Method equals (Ljava/lang/Object;)Z 2049 1 10573 0 448
ciMethod java/lang/reflect/Method isDefault ()Z 2089 1 14850 0 128
ciMethod java/lang/reflect/Executable equalParamTypes ([Ljava/lang/Class;[Ljava/lang/Class;)Z 25 1 602 0 0
ciMethod java/lang/AbstractStringBuilder <init> (I)V 1329 1 92721 0 0
ciMethod java/lang/AbstractStringBuilder ensureCapacityInternal (I)V 3281 1 184685 0 -1
ciMethod java/lang/AbstractStringBuilder expandCapacity (I)V 1321 1 5304 0 -1
ciMethod java/lang/AbstractStringBuilder append (Ljava/lang/String;)Ljava/lang/AbstractStringBuilder; 2505 1 11081 0 896
ciMethod java/lang/AbstractStringBuilder appendNull ()Ljava/lang/AbstractStringBuilder; 1 1 447 0 -1
ciMethod java/lang/StringBuilder <init> ()V 1225 1 66232 0 192
ciMethod java/lang/StringBuilder append (Ljava/lang/String;)Ljava/lang/StringBuilder; 2409 1 204382 0 896
ciMethod java/lang/StringBuilder toString ()Ljava/lang/String; 1249 1 76088 0 704
ciMethod sun/misc/Unsafe compareAndSwapObject (Ljava/lang/Object;JLjava/lang/Object;Ljava/lang/Object;)Z 2049 1 256 0 -1
ciMethod java/security/AccessController doPrivileged (Ljava/security/PrivilegedAction;)Ljava/lang/Object; 2049 1 256 0 -1
ciMethod java/util/List size ()I 0 0 1 0 -1
ciMethod java/util/List iterator ()Ljava/util/Iterator; 0 0 1 0 -1
ciMethod sun/reflect/ReflectionFactory copyMethod (Ljava/lang/reflect/Method;)Ljava/lang/reflect/Method; 2049 1 19404 0 -1
ciMethod java/lang/Math min (II)I 4097 1 62936 0 -1
ciMethod java/util/Iterator hasNext ()Z 0 0 1 0 -1
ciMethod java/util/Iterator next ()Ljava/lang/Object; 0 0 1 0 -1
ciMethod sun/reflect/Reflection getCallerClass ()Ljava/lang/Class; 2049 1 256 0 -1
ciMethod sun/reflect/Reflection filterMethods (Ljava/lang/Class;[Ljava/lang/reflect/Method;)[Ljava/lang/reflect/Method; 577 1 569 0 0
ciMethod sun/reflect/Reflection filter ([Ljava/lang/reflect/Member;[Ljava/lang/String;)[Ljava/lang/reflect/Member; 761 1 1113 0 0
ciMethod java/lang/Class$3 <init> ()V 33 1 4 0 -1
ciMethod java/lang/Class$ReflectionData <init> (I)V 1801 1 708 0 0
ciMethod java/lang/Class$Atomic casReflectionData (Ljava/lang/Class;Ljava/lang/ref/SoftReference;Ljava/lang/ref/SoftReference;)Z 1801 1 708 0 0
ciMethod java/lang/reflect/Modifier isPublic (I)Z 2049 1 26185 0 32
ciMethod java/lang/reflect/Modifier isPrivate (I)Z 2169 1 7276 0 0
ciMethod java/lang/reflect/Modifier isProtected (I)Z 969 1 1092 0 0
ciMethod java/lang/reflect/Modifier isStatic (I)Z 2049 1 13302 0 64
ciMethod java/lang/reflect/Modifier isAbstract (I)Z 2049 1 6014 0 0
ciMethod java/util/Arrays equals ([Ljava/lang/Object;[Ljava/lang/Object;)Z 1905 201 5256 0 0
ciMethod java/util/Arrays copyOf ([Ljava/lang/Object;I)[Ljava/lang/Object; 2049 1 5657 0 0
ciMethod java/util/Arrays copyOf ([Ljava/lang/Object;ILjava/lang/Class;)[Ljava/lang/Object; 2049 1 6115 0 -1
ciMethod java/util/Arrays copyOfRange ([CII)[C 4097 1 5651 0 -1
ciMethodData java/lang/Object <init> ()V 2 682062 orig 264 136 112 53 117 0 0 0 0 112 4 70 19 0 0 0 0 32 1 0 0 0 0 0 0 0 0 0 0 0 0 0 0 0 0 0 0 0 0 0 0 0 0 0 0 0 